0 info it worked if it ends with ok
1 verbose cli [
1 verbose cli   '/home/vishrut/.nvm/versions/node/v12.16.1/bin/node',
1 verbose cli   '/work/node_modules/.bin/npm',
1 verbose cli   'run',
1 verbose cli   'dev'
1 verbose cli ]
2 info using npm@2.15.12
3 info using node@v12.16.1
4 verbose run-script [ 'predev', 'dev', 'postdev' ]
5 info predev sanity-gatsby-blog-studio@1.0.8
6 info dev sanity-gatsby-blog-studio@1.0.8
7 verbose unsafe-perm in lifecycle true
8 info sanity-gatsby-blog-studio@1.0.8 Failed to exec dev script
9 verbose stack Error: sanity-gatsby-blog-studio@1.0.8 dev: `sanity start`
9 verbose stack Exit status 1
9 verbose stack     at EventEmitter.<anonymous> (/work/node_modules/npm/lib/utils/lifecycle.js:217:16)
9 verbose stack     at EventEmitter.emit (events.js:311:20)
9 verbose stack     at ChildProcess.<anonymous> (/work/node_modules/npm/lib/utils/spawn.js:24:14)
9 verbose stack     at ChildProcess.emit (events.js:311:20)
9 verbose stack     at maybeClose (internal/child_process.js:1021:16)
9 verbose stack     at Process.ChildProcess._handle.onexit (internal/child_process.js:286:5)
10 verbose pkgid sanity-gatsby-blog-studio@1.0.8
11 verbose cwd /work/counterviews/blog/studio
12 error Linux 4.10.0-42-lowlatency
13 error argv "/home/vishrut/.nvm/versions/node/v12.16.1/bin/node" "/work/node_modules/.bin/npm" "run" "dev"
14 error node v12.16.1
15 error npm  v2.15.12
16 error code ELIFECYCLE
17 error sanity-gatsby-blog-studio@1.0.8 dev: `sanity start`
17 error Exit status 1
18 error Failed at the sanity-gatsby-blog-studio@1.0.8 dev script 'sanity start'.
18 error This is most likely a problem with the sanity-gatsby-blog-studio package,
18 error not with npm itself.
18 error Tell the author that this fails on your system:
18 error     sanity start
18 error You can get information on how to open an issue for this project with:
18 error     npm bugs sanity-gatsby-blog-studio
18 error Or if that isn't available, you can get their info via:
18 error
18 error     npm owner ls sanity-gatsby-blog-studio
18 error There is likely additional logging output above.
19 verbose exit [ 1, true ]
